<?xml version="1.0" encoding="UTF-8"?>
<!-- Generated by org.testng.reporters.JUnitXMLReporter -->
<testsuite ignored="0" hostname="Muthukumar" failures="1" tests="3" name="Test" time="0.164" errors="0" timestamp="2023-08-03T20:34:31 IST">
  <testcase classname="com.testng.Firefox" name="miBrands" time="0.02"/>
  <testcase classname="com.testng.Firefox" name="samsung" time="0.003">
    <failure type="java.lang.RuntimeException">
      <![CDATA[java.lang.RuntimeException
at com.testng.Firefox.samsung(Firefox.java:21)
at java.base/java.util.ArrayList.forEach(ArrayList.java:1541)
... Removed 27 stack frames]]>
    </failure>
  </testcase> <!-- samsung -->
  <testcase classname="com.testng.Firefox" name="samsungBrands" time="0.0">
    <skipped/>
  </testcase> <!-- samsungBrands -->
</testsuite> <!-- Test -->
