<?xml version="1.0" encoding="UTF-8"?>
<testng-results ignored="0" total="3" passed="1" failed="1" skipped="1">
  <reporter-output>
  </reporter-output>
  <suite started-at="2023-08-03T20:34:31 IST" name="Suite" finished-at="2023-08-03T20:34:31 IST" duration-ms="164">
    <groups>
      <group name="samsung">
        <method signature="Firefox.samsung()[pri:0, instance:com.testng.Firefox@d29f28]" name="samsung" class="com.testng.Firefox"/>
      </group> <!-- samsung -->
      <group name="mi">
        <method signature="Firefox.miBrands()[pri:0, instance:com.testng.Firefox@d29f28]" name="miBrands" class="com.testng.Firefox"/>
        <method signature="Firefox.samsungBrands()[pri:0, instance:com.testng.Firefox@d29f28]" name="samsungBrands" class="com.testng.Firefox"/>
      </group> <!-- mi -->
    </groups>
    <test started-at="2023-08-03T20:34:31 IST" name="Test" finished-at="2023-08-03T20:34:31 IST" duration-ms="164">
      <class name="com.testng.Firefox">
        <test-method signature="miBrands()[pri:0, instance:com.testng.Firefox@d29f28]" started-at="2023-08-03T20:34:31 IST" name="miBrands" finished-at="2023-08-03T20:34:31 IST" duration-ms="20" status="PASS">
          <reporter-output>
          </reporter-output>
        </test-method> <!-- miBrands -->
        <test-method signature="samsung()[pri:0, instance:com.testng.Firefox@d29f28]" started-at="2023-08-03T20:34:31 IST" name="samsung" finished-at="2023-08-03T20:34:31 IST" duration-ms="3" status="FAIL">
          <exception class="java.lang.RuntimeException">
            <full-stacktrace>
              <![CDATA[java.lang.RuntimeException
at com.testng.Firefox.samsung(Firefox.java:21)
at java.base/jdk.internal.reflect.NativeMethodAccessorImpl.invoke0(Native Method)
at java.base/jdk.internal.reflect.NativeMethodAccessorImpl.invoke(NativeMethodAccessorImpl.java:62)
at java.base/jdk.internal.reflect.DelegatingMethodAccessorImpl.invoke(DelegatingMethodAccessorImpl.java:43)
at java.base/java.lang.reflect.Method.invoke(Method.java:566)
at org.testng.internal.MethodInvocationHelper.invokeMethod(MethodInvocationHelper.java:133)
at org.testng.internal.TestInvoker.invokeMethod(TestInvoker.java:598)
at org.testng.internal.TestInvoker.invokeTestMethod(TestInvoker.java:173)
at org.testng.internal.MethodRunner.runInSequence(MethodRunner.java:46)
at org.testng.internal.TestInvoker$MethodInvocationAgent.invoke(TestInvoker.java:824)
at org.testng.internal.TestInvoker.invokeTestMethods(TestInvoker.java:146)
at org.testng.internal.TestMethodWorker.invokeTestMethods(TestMethodWorker.java:146)
at org.testng.internal.TestMethodWorker.run(TestMethodWorker.java:128)
at java.base/java.util.ArrayList.forEach(ArrayList.java:1541)
at org.testng.TestRunner.privateRun(TestRunner.java:794)
at org.testng.TestRunner.run(TestRunner.java:596)
at org.testng.SuiteRunner.runTest(SuiteRunner.java:377)
at org.testng.SuiteRunner.runSequentially(SuiteRunner.java:371)
at org.testng.SuiteRunner.privateRun(SuiteRunner.java:332)
at org.testng.SuiteRunner.run(SuiteRunner.java:276)
at org.testng.SuiteRunnerWorker.runSuite(SuiteRunnerWorker.java:53)
at org.testng.SuiteRunnerWorker.run(SuiteRunnerWorker.java:96)
at org.testng.TestNG.runSuitesSequentially(TestNG.java:1212)
at org.testng.TestNG.runSuitesLocally(TestNG.java:1134)
at org.testng.TestNG.runSuites(TestNG.java:1063)
at org.testng.TestNG.run(TestNG.java:1031)
at org.testng.remote.AbstractRemoteTestNG.run(AbstractRemoteTestNG.java:115)
at org.testng.remote.RemoteTestNG.initAndRun(RemoteTestNG.java:251)
at org.testng.remote.RemoteTestNG.main(RemoteTestNG.java:77)
]]>
            </full-stacktrace>
          </exception> <!-- java.lang.RuntimeException -->
          <reporter-output>
          </reporter-output>
        </test-method> <!-- samsung -->
        <test-method signature="samsungBrands()[pri:0, instance:com.testng.Firefox@d29f28]" started-at="2023-08-03T20:34:31 IST" name="samsungBrands" depends-on-groups="samsung" finished-at="2023-08-03T20:34:31 IST" duration-ms="0" status="SKIP">
          <exception class="java.lang.Throwable">
            <message>
              <![CDATA[Method Firefox.samsungBrands()[pri:0, instance:com.testng.Firefox@d29f28] depends on not successfully finished methods in group "samsung"]]>
            </message>
            <full-stacktrace>
              <![CDATA[java.lang.Throwable: Method Firefox.samsungBrands()[pri:0, instance:com.testng.Firefox@d29f28] depends on not successfully finished methods in group "samsung"
at org.testng.internal.TestInvoker.invokeTestMethods(TestInvoker.java:102)
at org.testng.internal.TestMethodWorker.invokeTestMethods(TestMethodWorker.java:146)
at org.testng.internal.TestMethodWorker.run(TestMethodWorker.java:128)
at java.base/java.util.ArrayList.forEach(ArrayList.java:1541)
at org.testng.TestRunner.privateRun(TestRunner.java:794)
at org.testng.TestRunner.run(TestRunner.java:596)
at org.testng.SuiteRunner.runTest(SuiteRunner.java:377)
at org.testng.SuiteRunner.runSequentially(SuiteRunner.java:371)
at org.testng.SuiteRunner.privateRun(SuiteRunner.java:332)
at org.testng.SuiteRunner.run(SuiteRunner.java:276)
at org.testng.SuiteRunnerWorker.runSuite(SuiteRunnerWorker.java:53)
at org.testng.SuiteRunnerWorker.run(SuiteRunnerWorker.java:96)
at org.testng.TestNG.runSuitesSequentially(TestNG.java:1212)
at org.testng.TestNG.runSuitesLocally(TestNG.java:1134)
at org.testng.TestNG.runSuites(TestNG.java:1063)
at org.testng.TestNG.run(TestNG.java:1031)
at org.testng.remote.AbstractRemoteTestNG.run(AbstractRemoteTestNG.java:115)
at org.testng.remote.RemoteTestNG.initAndRun(RemoteTestNG.java:251)
at org.testng.remote.RemoteTestNG.main(RemoteTestNG.java:77)
]]>
            </full-stacktrace>
          </exception> <!-- java.lang.Throwable -->
          <reporter-output>
          </reporter-output>
        </test-method> <!-- samsungBrands -->
      </class> <!-- com.testng.Firefox -->
    </test> <!-- Test -->
  </suite> <!-- Suite -->
</testng-results>
